[0.007s] Invoking command in '/home/h16/coco/xuezhang/src/ws_livox/build/livox_ros_driver2': CMAKE_PREFIX_PATH=/opt/ros/humble /usr/bin/cmake /home/h16/coco/xuezhang/src/ws_livox/src/livox_ros_driver2 -DROS_EDITION=ROS2 -DHUMBLE_ROS=humble -DCMAKE_INSTALL_PREFIX=/home/h16/coco/xuezhang/src/ws_livox/install/livox_ros_driver2
[0.071s] -- The C compiler identification is GNU 11.4.0
[0.106s] -- The CXX compiler identification is GNU 11.4.0
[0.110s] -- Detecting C compiler ABI info
[0.155s] -- Detecting C compiler ABI info - done
[0.158s] -- Check for working C compiler: /usr/bin/cc - skipped
[0.158s] -- Detecting C compile features
[0.159s] -- Detecting C compile features - done
[0.161s] -- Detecting CXX compiler ABI info
[0.206s] -- Detecting CXX compiler ABI info - done
[0.210s] -- Check for working CXX compiler: /usr/bin/c++ - skipped
[0.210s] -- Detecting CXX compile features
[0.210s] -- Detecting CXX compile features - done
[0.210s] -- livox_ros_driver2 version: 1.2.4
[0.212s] -- Found ament_cmake_auto: 1.3.11 (/opt/ros/humble/share/ament_cmake_auto/cmake)
[0.298s] -- Found Python3: /usr/bin/python3 (found version "3.10.12") found components: Interpreter 
[0.386s] -- Using all available rosidl_typesupport_c: rosidl_typesupport_fastrtps_c;rosidl_typesupport_introspection_c
[0.391s] -- Found rosidl_adapter: 3.1.6 (/opt/ros/humble/share/rosidl_adapter/cmake)
[0.417s] -- Using all available rosidl_typesupport_cpp: rosidl_typesupport_fastrtps_cpp;rosidl_typesupport_introspection_cpp
[0.479s] -- Found rmw_implementation_cmake: 6.1.2 (/opt/ros/humble/share/rmw_implementation_cmake/cmake)
[0.482s] -- Found rmw_fastrtps_cpp: 6.2.7 (/opt/ros/humble/share/rmw_fastrtps_cpp/cmake)
[0.555s] -- Found OpenSSL: /usr/lib/x86_64-linux-gnu/libcrypto.so (found version "3.0.2")  
[0.575s] -- Found FastRTPS: /opt/ros/humble/include  
[0.600s] -- Using RMW implementation 'rmw_fastrtps_cpp' as default
[0.609s] -- Looking for pthread.h
[0.655s] -- Looking for pthread.h - found
[0.656s] -- Performing Test CMAKE_HAVE_LIBC_PTHREAD
[0.700s] -- Performing Test CMAKE_HAVE_LIBC_PTHREAD - Success
[0.700s] -- Found Threads: TRUE  
[0.798s] -- Checking for module 'eigen3'
[0.808s] --   Found eigen3, version 3.4.0
[0.830s] -- Found Eigen: /usr/include/eigen3 (Required is at least version "3.1") 
[0.830s] -- Eigen found (include: /usr/include/eigen3, version: 3.4.0)
[0.859s] -- Checking for module 'flann'
[0.868s] --   Found flann, version 1.9.1
[0.894s] -- Found FLANN: /usr/lib/x86_64-linux-gnu/libflann_cpp.so  
[0.894s] -- FLANN found (include: /usr/include, lib: /usr/lib/x86_64-linux-gnu/libflann_cpp.so)
[1.507s] -- Checking for module 'libusb-1.0'
[1.517s] --   Found libusb-1.0, version 1.0.25
[1.539s] -- Found libusb: /usr/lib/x86_64-linux-gnu/libusb-1.0.so  
[1.540s] -- OpenNI found (version: 1.5.4.0, include: /usr/include/ni, lib: /usr/lib/libOpenNI.so;libusb::libusb)
[1.577s] -- OpenNI2 found (version: 2.2.0.33, include: /usr/include/openni2, lib: /usr/lib/x86_64-linux-gnu/libOpenNI2.so;libusb::libusb)
[1.661s] -- Eigen found (include: /usr/include/eigen3, version: 3.4.0)
[1.665s] -- OpenNI found (version: 1.5.4.0, include: /usr/include/ni, lib: /usr/lib/libOpenNI.so;libusb::libusb)
[1.669s] -- OpenNI2 found (version: 2.2.0.33, include: /usr/include/openni2, lib: /usr/lib/x86_64-linux-gnu/libOpenNI2.so;libusb::libusb)
[1.755s] -- Found Qhull version 8.0.2
[1.842s] -- OpenNI found (version: 1.5.4.0, include: /usr/include/ni, lib: /usr/lib/libOpenNI.so;libusb::libusb)
[1.921s] -- Found PCL_COMMON: /usr/lib/x86_64-linux-gnu/libpcl_common.so  
[1.922s] -- Found PCL_KDTREE: /usr/lib/x86_64-linux-gnu/libpcl_kdtree.so  
[1.922s] -- Found PCL_OCTREE: /usr/lib/x86_64-linux-gnu/libpcl_octree.so  
[1.923s] -- Found PCL_SEARCH: /usr/lib/x86_64-linux-gnu/libpcl_search.so  
[1.923s] -- Found PCL_SAMPLE_CONSENSUS: /usr/lib/x86_64-linux-gnu/libpcl_sample_consensus.so  
[1.924s] -- Found PCL_FILTERS: /usr/lib/x86_64-linux-gnu/libpcl_filters.so  
[1.924s] -- Found PCL_2D: /usr/include/pcl-1.12  
[1.924s] -- Found PCL_GEOMETRY: /usr/include/pcl-1.12  
[1.924s] -- Found PCL_IO: /usr/lib/x86_64-linux-gnu/libpcl_io.so  
[1.925s] -- Found PCL_FEATURES: /usr/lib/x86_64-linux-gnu/libpcl_features.so  
[1.925s] -- Found PCL_ML: /usr/lib/x86_64-linux-gnu/libpcl_ml.so  
[1.925s] -- Found PCL_SEGMENTATION: /usr/lib/x86_64-linux-gnu/libpcl_segmentation.so  
[1.926s] -- Found PCL_VISUALIZATION: /usr/lib/x86_64-linux-gnu/libpcl_visualization.so  
[1.926s] -- Found PCL_SURFACE: /usr/lib/x86_64-linux-gnu/libpcl_surface.so  
[1.927s] -- Found PCL_REGISTRATION: /usr/lib/x86_64-linux-gnu/libpcl_registration.so  
[1.927s] -- Found PCL_KEYPOINTS: /usr/lib/x86_64-linux-gnu/libpcl_keypoints.so  
[1.928s] -- Found PCL_TRACKING: /usr/lib/x86_64-linux-gnu/libpcl_tracking.so  
[1.928s] -- Found PCL_RECOGNITION: /usr/lib/x86_64-linux-gnu/libpcl_recognition.so  
[1.929s] -- Found PCL_STEREO: /usr/lib/x86_64-linux-gnu/libpcl_stereo.so  
[1.929s] -- Found PCL_APPS: /usr/lib/x86_64-linux-gnu/libpcl_apps.so  
[1.929s] -- Found PCL_IN_HAND_SCANNER: /usr/include/pcl-1.12  
[1.930s] -- Found PCL_MODELER: /usr/include/pcl-1.12  
[1.932s] -- Found PCL_POINT_CLOUD_EDITOR: /usr/include/pcl-1.12  
[1.932s] -- Found PCL_OUTOFCORE: /usr/lib/x86_64-linux-gnu/libpcl_outofcore.so  
[1.933s] -- Found PCL_PEOPLE: /usr/lib/x86_64-linux-gnu/libpcl_people.so  
[1.955s] -- Found PkgConfig: /usr/bin/pkg-config (found version "0.29.2") 
[1.956s] -- Checking for module 'apr-1'
[1.966s] --   Found apr-1, version 1.7.0
[1.991s] [0m/usr/include/apr-1.0[0m
[1.991s] [0mapr-1[0m
[2.121s] -- Found ament_cmake_ros: 0.10.0 (/opt/ros/humble/share/ament_cmake_ros/cmake)
[2.241s] -- Using all available rosidl_typesupport_c: rosidl_typesupport_fastrtps_c;rosidl_typesupport_introspection_c
[2.392s] -- Using all available rosidl_typesupport_cpp: rosidl_typesupport_fastrtps_cpp;rosidl_typesupport_introspection_cpp
[2.407s] -- Found PythonInterp: /usr/bin/python3 (found suitable version "3.10.12", minimum required is "3.6") 
[2.409s] -- Found python_cmake_module: 0.10.0 (/opt/ros/humble/share/python_cmake_module/cmake)
[2.423s] -- Found PythonLibs: /usr/lib/x86_64-linux-gnu/libpython3.10.so (found suitable version "3.10.12", minimum required is "3.5") 
[2.423s] -- Using PYTHON_EXECUTABLE: /usr/bin/python3
[2.423s] -- Using PYTHON_INCLUDE_DIRS: /usr/include/python3.10
[2.423s] -- Using PYTHON_LIBRARIES: /usr/lib/x86_64-linux-gnu/libpython3.10.so
[2.434s] -- Found PythonExtra: .so  
[2.466s] -- Found ament_lint_auto: 0.12.11 (/opt/ros/humble/share/ament_lint_auto/cmake)
[2.483s] -- Added test 'copyright' to check source files copyright and LICENSE
[2.485s] -- Added test 'cppcheck' to perform static code analysis on C / C++ code
[2.486s] -- Configured cppcheck include dirs: /home/h16/coco/xuezhang/src/ws_livox/src/livox_ros_driver2/3rdparty;/home/h16/coco/xuezhang/src/ws_livox/src/livox_ros_driver2/src
[2.486s] -- Configured cppcheck exclude dirs and/or files: 
[2.488s] -- Added test 'cpplint' to check C / C++ code against the Google style
[2.488s] -- Configured cpplint exclude dirs and/or files: 
[2.489s] -- Added test 'flake8' to check Python code syntax and style conventions
[2.489s] -- Added test 'lint_cmake' to check CMake code style
[2.490s] -- Added test 'pep257' to check Python code against some of the docstring style conventions in PEP 257
[2.492s] -- Added test 'uncrustify' to check C / C++ code style
[2.492s] -- Configured uncrustify additional arguments: 
[2.493s] -- Added test 'xmllint' to check XML markup files
[2.494s] -- Configuring done
[2.550s] -- Generating done
[2.559s] -- Build files have been written to: /home/h16/coco/xuezhang/src/ws_livox/build/livox_ros_driver2
[2.571s] Invoked command in '/home/h16/coco/xuezhang/src/ws_livox/build/livox_ros_driver2' returned '0': CMAKE_PREFIX_PATH=/opt/ros/humble /usr/bin/cmake /home/h16/coco/xuezhang/src/ws_livox/src/livox_ros_driver2 -DROS_EDITION=ROS2 -DHUMBLE_ROS=humble -DCMAKE_INSTALL_PREFIX=/home/h16/coco/xuezhang/src/ws_livox/install/livox_ros_driver2
[2.572s] Invoking command in '/home/h16/coco/xuezhang/src/ws_livox/build/livox_ros_driver2': CMAKE_PREFIX_PATH=/opt/ros/humble /usr/bin/cmake --build /home/h16/coco/xuezhang/src/ws_livox/build/livox_ros_driver2 -- -j32 -l32
[2.602s] [  1%] [34m[1mGenerating C code for ROS interfaces[0m
[2.608s] [  3%] [32mBuilding CXX object CMakeFiles/livox_ros_driver2_node.dir/rclcpp_components/node_main_livox_ros_driver2_node.cpp.o[0m
[2.609s] [  5%] [34m[1mGenerating C++ code for ROS interfaces[0m
[2.615s] [  5%] Built target ament_cmake_python_copy_livox_ros_driver2
[2.752s] running egg_info
[2.752s] creating livox_ros_driver2.egg-info
[2.752s] writing livox_ros_driver2.egg-info/PKG-INFO
[2.752s] writing dependency_links to livox_ros_driver2.egg-info/dependency_links.txt
[2.752s] writing top-level names to livox_ros_driver2.egg-info/top_level.txt
[2.753s] writing manifest file 'livox_ros_driver2.egg-info/SOURCES.txt'
[2.754s] reading manifest file 'livox_ros_driver2.egg-info/SOURCES.txt'
[2.754s] writing manifest file 'livox_ros_driver2.egg-info/SOURCES.txt'
[2.771s] [  5%] Built target ament_cmake_python_build_livox_ros_driver2_egg
[2.827s] [  5%] Built target livox_interfaces2__cpp
[2.834s] [  7%] [34m[1mGenerating C++ type support for eProsima Fast-RTPS[0m
[2.834s] [  8%] [32mBuilding C object CMakeFiles/livox_interfaces2__rosidl_generator_c.dir/rosidl_generator_c/livox_ros_driver2/msg/detail/custom_msg__functions.c.o[0m
[2.834s] [ 10%] [32mBuilding C object CMakeFiles/livox_interfaces2__rosidl_generator_c.dir/rosidl_generator_c/livox_ros_driver2/msg/detail/custom_point__functions.c.o[0m
[2.834s] [ 12%] [34m[1mGenerating C++ type support dispatch for ROS interfaces[0m
[2.835s] [ 14%] [34m[1mGenerating C++ introspection for ROS interfaces[0m
[2.865s] [ 15%] [32m[1mLinking C shared library liblivox_ros_driver2__rosidl_generator_c.so[0m
[2.891s] [ 15%] Built target livox_interfaces2__rosidl_generator_c
[2.898s] [ 17%] [34m[1mGenerating C type support for eProsima Fast-RTPS[0m
[2.899s] [ 19%] [34m[1mGenerating C introspection for ROS interfaces[0m
[2.899s] [ 21%] [34m[1mGenerating C type support dispatch for ROS interfaces[0m
[3.053s] [ 24%] [32mBuilding CXX object CMakeFiles/livox_interfaces2__rosidl_typesupport_cpp.dir/rosidl_typesupport_cpp/livox_ros_driver2/msg/custom_point__type_support.cpp.o[0m
[3.053s] [ 24%] [32mBuilding CXX object CMakeFiles/livox_interfaces2__rosidl_typesupport_cpp.dir/rosidl_typesupport_cpp/livox_ros_driver2/msg/custom_msg__type_support.cpp.o[0m
[3.064s] [ 26%] [32mBuilding CXX object CMakeFiles/livox_interfaces2__rosidl_typesupport_introspection_cpp.dir/rosidl_typesupport_introspection_cpp/livox_ros_driver2/msg/detail/custom_point__type_support.cpp.o[0m
[3.065s] [ 28%] [32mBuilding CXX object CMakeFiles/livox_interfaces2__rosidl_typesupport_introspection_cpp.dir/rosidl_typesupport_introspection_cpp/livox_ros_driver2/msg/detail/custom_msg__type_support.cpp.o[0m
[3.074s] [ 29%] [32mBuilding CXX object CMakeFiles/livox_interfaces2__rosidl_typesupport_fastrtps_cpp.dir/rosidl_typesupport_fastrtps_cpp/livox_ros_driver2/msg/detail/dds_fastrtps/custom_point__type_support.cpp.o[0m
[3.074s] [ 31%] [32mBuilding CXX object CMakeFiles/livox_interfaces2__rosidl_typesupport_fastrtps_cpp.dir/rosidl_typesupport_fastrtps_cpp/livox_ros_driver2/msg/detail/dds_fastrtps/custom_msg__type_support.cpp.o[0m
[3.125s] [ 35%] [32mBuilding CXX object CMakeFiles/livox_interfaces2__rosidl_typesupport_c.dir/rosidl_typesupport_c/livox_ros_driver2/msg/custom_point__type_support.cpp.o[0m
[3.125s] [ 35%] [32mBuilding CXX object CMakeFiles/livox_interfaces2__rosidl_typesupport_c.dir/rosidl_typesupport_c/livox_ros_driver2/msg/custom_msg__type_support.cpp.o[0m
[3.148s] [ 36%] [32m[1mLinking CXX shared library liblivox_ros_driver2__rosidl_typesupport_c.so[0m
[3.150s] [ 38%] [32mBuilding C object CMakeFiles/livox_interfaces2__rosidl_typesupport_introspection_c.dir/rosidl_typesupport_introspection_c/livox_ros_driver2/msg/detail/custom_point__type_support.c.o[0m
[3.150s] [ 40%] [32mBuilding C object CMakeFiles/livox_interfaces2__rosidl_typesupport_introspection_c.dir/rosidl_typesupport_introspection_c/livox_ros_driver2/msg/detail/custom_msg__type_support.c.o[0m
[3.180s] [ 40%] Built target livox_interfaces2__rosidl_typesupport_c
[3.182s] [ 42%] [32m[1mLinking C shared library liblivox_ros_driver2__rosidl_typesupport_introspection_c.so[0m
[3.192s] [ 43%] [32mBuilding CXX object CMakeFiles/livox_interfaces2__rosidl_typesupport_fastrtps_c.dir/rosidl_typesupport_fastrtps_c/livox_ros_driver2/msg/detail/custom_msg__type_support_c.cpp.o[0m
[3.192s] [ 45%] [32mBuilding CXX object CMakeFiles/livox_interfaces2__rosidl_typesupport_fastrtps_c.dir/rosidl_typesupport_fastrtps_c/livox_ros_driver2/msg/detail/custom_point__type_support_c.cpp.o[0m
[3.194s] [ 47%] [32m[1mLinking CXX shared library liblivox_ros_driver2__rosidl_typesupport_cpp.so[0m
[3.209s] [ 47%] Built target livox_interfaces2__rosidl_typesupport_introspection_c
[3.223s] [ 47%] Built target livox_interfaces2__rosidl_typesupport_cpp
[3.240s] [ 49%] [32mBuilding CXX object CMakeFiles/livox_ros_driver2.dir/src/lds.cpp.o[0m
[3.241s] [ 50%] [32mBuilding CXX object CMakeFiles/livox_ros_driver2.dir/src/comm/cache_index.cpp.o[0m
[3.242s] [ 56%] [32mBuilding CXX object CMakeFiles/livox_ros_driver2.dir/src/livox_ros_driver2.cpp.o[0m
[3.242s] [ 56%] [32mBuilding CXX object CMakeFiles/livox_ros_driver2.dir/src/driver_node.cpp.o[0m
[3.242s] [ 56%] [32mBuilding CXX object CMakeFiles/livox_ros_driver2.dir/src/lddc.cpp.o[0m
[3.242s] [ 57%] [32mBuilding CXX object CMakeFiles/livox_ros_driver2.dir/src/lds_lidar.cpp.o[0m
[3.243s] [ 61%] [32mBuilding CXX object CMakeFiles/livox_ros_driver2.dir/src/comm/comm.cpp.o[0m
[3.243s] [ 61%] [32mBuilding CXX object CMakeFiles/livox_ros_driver2.dir/src/comm/ldq.cpp.o[0m
[3.243s] [ 64%] [32mBuilding CXX object CMakeFiles/livox_ros_driver2.dir/src/parse_cfg_file/parse_livox_lidar_cfg.cpp.o[0m
[3.243s] [ 64%] [32mBuilding CXX object CMakeFiles/livox_ros_driver2.dir/src/comm/lidar_imu_data_queue.cpp.o[0m
[3.243s] [ 66%] [32mBuilding CXX object CMakeFiles/livox_ros_driver2.dir/src/comm/semaphore.cpp.o[0m
[3.244s] [ 70%] [32mBuilding CXX object CMakeFiles/livox_ros_driver2.dir/src/parse_cfg_file/parse_cfg_file.cpp.o[0m
[3.244s] [ 70%] [32mBuilding CXX object CMakeFiles/livox_ros_driver2.dir/src/comm/pub_handler.cpp.o[0m
[3.246s] [ 73%] [32mBuilding CXX object CMakeFiles/livox_ros_driver2.dir/src/call_back/livox_lidar_callback.cpp.o[0m
[3.246s] [ 73%] [32mBuilding CXX object CMakeFiles/livox_ros_driver2.dir/src/call_back/lidar_common_callback.cpp.o[0m
[3.407s] [ 75%] [32m[1mLinking CXX shared library liblivox_ros_driver2__rosidl_typesupport_fastrtps_cpp.so[0m
[3.414s] [ 77%] [32m[1mLinking CXX shared library liblivox_ros_driver2__rosidl_typesupport_introspection_cpp.so[0m
[3.482s] [ 77%] Built target livox_interfaces2__rosidl_typesupport_fastrtps_cpp
[3.500s] [ 78%] [32m[1mLinking CXX shared library liblivox_ros_driver2__rosidl_typesupport_fastrtps_c.so[0m
[3.500s] [ 78%] Built target livox_interfaces2__rosidl_typesupport_introspection_cpp
[3.570s] [ 78%] Built target livox_interfaces2__rosidl_typesupport_fastrtps_c
[3.588s] [ 78%] Built target livox_interfaces2
[3.606s] [ 80%] [34m[1mGenerating Python code for ROS interfaces[0m
[4.008s] [ 80%] Built target livox_interfaces2__py
[4.024s] [ 82%] [32mBuilding C object CMakeFiles/livox_interfaces2__rosidl_generator_py.dir/rosidl_generator_py/livox_ros_driver2/msg/_custom_msg_s.c.o[0m
[4.024s] [ 84%] [32mBuilding C object CMakeFiles/livox_interfaces2__rosidl_generator_py.dir/rosidl_generator_py/livox_ros_driver2/msg/_custom_point_s.c.o[0m
[4.095s] [ 85%] [32m[1mLinking C shared library rosidl_generator_py/livox_ros_driver2/liblivox_interfaces2__rosidl_generator_py.so[0m
[4.131s] [ 85%] Built target livox_interfaces2__rosidl_generator_py
[4.148s] [ 91%] [32mBuilding C object CMakeFiles/livox_ros_driver2__rosidl_typesupport_c__pyext.dir/rosidl_generator_py/livox_ros_driver2/_livox_ros_driver2_s.ep.rosidl_typesupport_c.c.o[0m
[4.149s] [ 91%] [32mBuilding C object CMakeFiles/livox_ros_driver2__rosidl_typesupport_introspection_c__pyext.dir/rosidl_generator_py/livox_ros_driver2/_livox_ros_driver2_s.ep.rosidl_typesupport_introspection_c.c.o[0m
[4.149s] [ 91%] [32mBuilding C object CMakeFiles/livox_ros_driver2__rosidl_typesupport_fastrtps_c__pyext.dir/rosidl_generator_py/livox_ros_driver2/_livox_ros_driver2_s.ep.rosidl_typesupport_fastrtps_c.c.o[0m
[4.203s] [ 92%] [32m[1mLinking C shared library rosidl_generator_py/livox_ros_driver2/livox_ros_driver2_s__rosidl_typesupport_c.cpython-310-x86_64-linux-gnu.so[0m
[4.205s] [ 94%] [32m[1mLinking C shared library rosidl_generator_py/livox_ros_driver2/livox_ros_driver2_s__rosidl_typesupport_fastrtps_c.cpython-310-x86_64-linux-gnu.so[0m
[4.207s] [ 96%] [32m[1mLinking C shared library rosidl_generator_py/livox_ros_driver2/livox_ros_driver2_s__rosidl_typesupport_introspection_c.cpython-310-x86_64-linux-gnu.so[0m
[4.228s] [ 96%] Built target livox_ros_driver2__rosidl_typesupport_c__pyext
[4.231s] [ 96%] Built target livox_ros_driver2__rosidl_typesupport_introspection_c__pyext
[4.235s] [ 96%] Built target livox_ros_driver2__rosidl_typesupport_fastrtps_c__pyext
[4.601s] [ 98%] [32m[1mLinking CXX executable livox_ros_driver2_node[0m
[4.682s] [ 98%] Built target livox_ros_driver2_node
[7.321s] [100%] [32m[1mLinking CXX shared library liblivox_ros_driver2.so[0m
[7.749s] [100%] Built target livox_ros_driver2
[7.757s] Invoked command in '/home/h16/coco/xuezhang/src/ws_livox/build/livox_ros_driver2' returned '0': CMAKE_PREFIX_PATH=/opt/ros/humble /usr/bin/cmake --build /home/h16/coco/xuezhang/src/ws_livox/build/livox_ros_driver2 -- -j32 -l32
[7.765s] Invoking command in '/home/h16/coco/xuezhang/src/ws_livox/build/livox_ros_driver2': CMAKE_PREFIX_PATH=/opt/ros/humble /usr/bin/cmake --install /home/h16/coco/xuezhang/src/ws_livox/build/livox_ros_driver2
[7.768s] -- Install configuration: ""
[7.768s] -- Installing: /home/h16/coco/xuezhang/src/ws_livox/install/livox_ros_driver2/share/ament_index/resource_index/rosidl_interfaces/livox_ros_driver2
[7.768s] -- Installing: /home/h16/coco/xuezhang/src/ws_livox/install/livox_ros_driver2/include/livox_ros_driver2/livox_ros_driver2
[7.768s] -- Installing: /home/h16/coco/xuezhang/src/ws_livox/install/livox_ros_driver2/include/livox_ros_driver2/livox_ros_driver2/msg
[7.768s] -- Installing: /home/h16/coco/xuezhang/src/ws_livox/install/livox_ros_driver2/include/livox_ros_driver2/livox_ros_driver2/msg/custom_msg.h
[7.768s] -- Installing: /home/h16/coco/xuezhang/src/ws_livox/install/livox_ros_driver2/include/livox_ros_driver2/livox_ros_driver2/msg/rosidl_generator_c__visibility_control.h
[7.768s] -- Installing: /home/h16/coco/xuezhang/src/ws_livox/install/livox_ros_driver2/include/livox_ros_driver2/livox_ros_driver2/msg/custom_point.h
[7.768s] -- Installing: /home/h16/coco/xuezhang/src/ws_livox/install/livox_ros_driver2/include/livox_ros_driver2/livox_ros_driver2/msg/detail
[7.768s] -- Installing: /home/h16/coco/xuezhang/src/ws_livox/install/livox_ros_driver2/include/livox_ros_driver2/livox_ros_driver2/msg/detail/custom_point__type_support.h
[7.768s] -- Installing: /home/h16/coco/xuezhang/src/ws_livox/install/livox_ros_driver2/include/livox_ros_driver2/livox_ros_driver2/msg/detail/custom_point__functions.c
[7.768s] -- Installing: /home/h16/coco/xuezhang/src/ws_livox/install/livox_ros_driver2/include/livox_ros_driver2/livox_ros_driver2/msg/detail/custom_msg__struct.h
[7.768s] -- Installing: /home/h16/coco/xuezhang/src/ws_livox/install/livox_ros_driver2/include/livox_ros_driver2/livox_ros_driver2/msg/detail/custom_point__struct.h
[7.768s] -- Installing: /home/h16/coco/xuezhang/src/ws_livox/install/livox_ros_driver2/include/livox_ros_driver2/livox_ros_driver2/msg/detail/custom_point__functions.h
[7.768s] -- Installing: /home/h16/coco/xuezhang/src/ws_livox/install/livox_ros_driver2/include/livox_ros_driver2/livox_ros_driver2/msg/detail/custom_msg__type_support.h
[7.768s] -- Installing: /home/h16/coco/xuezhang/src/ws_livox/install/livox_ros_driver2/include/livox_ros_driver2/livox_ros_driver2/msg/detail/custom_msg__functions.c
[7.768s] -- Installing: /home/h16/coco/xuezhang/src/ws_livox/install/livox_ros_driver2/include/livox_ros_driver2/livox_ros_driver2/msg/detail/custom_msg__functions.h
[7.768s] -- Installing: /home/h16/coco/xuezhang/src/ws_livox/install/livox_ros_driver2/share/livox_ros_driver2/environment/library_path.sh
[7.768s] -- Installing: /home/h16/coco/xuezhang/src/ws_livox/install/livox_ros_driver2/share/livox_ros_driver2/environment/library_path.dsv
[7.768s] -- Installing: /home/h16/coco/xuezhang/src/ws_livox/install/livox_ros_driver2/lib/liblivox_ros_driver2__rosidl_generator_c.so
[7.768s] -- Set runtime path of "/home/h16/coco/xuezhang/src/ws_livox/install/livox_ros_driver2/lib/liblivox_ros_driver2__rosidl_generator_c.so" to ""
[7.768s] -- Up-to-date: /home/h16/coco/xuezhang/src/ws_livox/install/livox_ros_driver2/include/livox_ros_driver2/livox_ros_driver2
[7.768s] -- Up-to-date: /home/h16/coco/xuezhang/src/ws_livox/install/livox_ros_driver2/include/livox_ros_driver2/livox_ros_driver2/msg
[7.768s] -- Up-to-date: /home/h16/coco/xuezhang/src/ws_livox/install/livox_ros_driver2/include/livox_ros_driver2/livox_ros_driver2/msg/detail
[7.768s] -- Installing: /home/h16/coco/xuezhang/src/ws_livox/install/livox_ros_driver2/include/livox_ros_driver2/livox_ros_driver2/msg/detail/custom_point__rosidl_typesupport_fastrtps_c.h
[7.768s] -- Installing: /home/h16/coco/xuezhang/src/ws_livox/install/livox_ros_driver2/include/livox_ros_driver2/livox_ros_driver2/msg/detail/custom_msg__rosidl_typesupport_fastrtps_c.h
[7.768s] -- Installing: /home/h16/coco/xuezhang/src/ws_livox/install/livox_ros_driver2/include/livox_ros_driver2/livox_ros_driver2/msg/rosidl_typesupport_fastrtps_c__visibility_control.h
[7.768s] -- Installing: /home/h16/coco/xuezhang/src/ws_livox/install/livox_ros_driver2/lib/liblivox_ros_driver2__rosidl_typesupport_fastrtps_c.so
[7.768s] -- Set runtime path of "/home/h16/coco/xuezhang/src/ws_livox/install/livox_ros_driver2/lib/liblivox_ros_driver2__rosidl_typesupport_fastrtps_c.so" to ""
[7.769s] -- Up-to-date: /home/h16/coco/xuezhang/src/ws_livox/install/livox_ros_driver2/include/livox_ros_driver2/livox_ros_driver2
[7.769s] -- Up-to-date: /home/h16/coco/xuezhang/src/ws_livox/install/livox_ros_driver2/include/livox_ros_driver2/livox_ros_driver2/msg
[7.769s] -- Up-to-date: /home/h16/coco/xuezhang/src/ws_livox/install/livox_ros_driver2/include/livox_ros_driver2/livox_ros_driver2/msg/detail
[7.769s] -- Installing: /home/h16/coco/xuezhang/src/ws_livox/install/livox_ros_driver2/include/livox_ros_driver2/livox_ros_driver2/msg/detail/custom_msg__rosidl_typesupport_introspection_c.h
[7.769s] -- Installing: /home/h16/coco/xuezhang/src/ws_livox/install/livox_ros_driver2/include/livox_ros_driver2/livox_ros_driver2/msg/detail/custom_point__type_support.c
[7.769s] -- Installing: /home/h16/coco/xuezhang/src/ws_livox/install/livox_ros_driver2/include/livox_ros_driver2/livox_ros_driver2/msg/detail/custom_point__rosidl_typesupport_introspection_c.h
[7.769s] -- Installing: /home/h16/coco/xuezhang/src/ws_livox/install/livox_ros_driver2/include/livox_ros_driver2/livox_ros_driver2/msg/detail/custom_msg__type_support.c
[7.769s] -- Installing: /home/h16/coco/xuezhang/src/ws_livox/install/livox_ros_driver2/include/livox_ros_driver2/livox_ros_driver2/msg/rosidl_typesupport_introspection_c__visibility_control.h
[7.769s] -- Installing: /home/h16/coco/xuezhang/src/ws_livox/install/livox_ros_driver2/lib/liblivox_ros_driver2__rosidl_typesupport_introspection_c.so
[7.769s] -- Set runtime path of "/home/h16/coco/xuezhang/src/ws_livox/install/livox_ros_driver2/lib/liblivox_ros_driver2__rosidl_typesupport_introspection_c.so" to ""
[7.769s] -- Installing: /home/h16/coco/xuezhang/src/ws_livox/install/livox_ros_driver2/lib/liblivox_ros_driver2__rosidl_typesupport_c.so
[7.769s] -- Set runtime path of "/home/h16/coco/xuezhang/src/ws_livox/install/livox_ros_driver2/lib/liblivox_ros_driver2__rosidl_typesupport_c.so" to ""
[7.769s] -- Up-to-date: /home/h16/coco/xuezhang/src/ws_livox/install/livox_ros_driver2/include/livox_ros_driver2/livox_ros_driver2
[7.769s] -- Up-to-date: /home/h16/coco/xuezhang/src/ws_livox/install/livox_ros_driver2/include/livox_ros_driver2/livox_ros_driver2/msg
[7.769s] -- Up-to-date: /home/h16/coco/xuezhang/src/ws_livox/install/livox_ros_driver2/include/livox_ros_driver2/livox_ros_driver2/msg/detail
[7.769s] -- Installing: /home/h16/coco/xuezhang/src/ws_livox/install/livox_ros_driver2/include/livox_ros_driver2/livox_ros_driver2/msg/detail/custom_msg__struct.hpp
[7.769s] -- Installing: /home/h16/coco/xuezhang/src/ws_livox/install/livox_ros_driver2/include/livox_ros_driver2/livox_ros_driver2/msg/detail/custom_msg__builder.hpp
[7.769s] -- Installing: /home/h16/coco/xuezhang/src/ws_livox/install/livox_ros_driver2/include/livox_ros_driver2/livox_ros_driver2/msg/detail/custom_point__struct.hpp
[7.769s] -- Installing: /home/h16/coco/xuezhang/src/ws_livox/install/livox_ros_driver2/include/livox_ros_driver2/livox_ros_driver2/msg/detail/custom_msg__traits.hpp
[7.769s] -- Installing: /home/h16/coco/xuezhang/src/ws_livox/install/livox_ros_driver2/include/livox_ros_driver2/livox_ros_driver2/msg/detail/custom_point__type_support.hpp
[7.769s] -- Installing: /home/h16/coco/xuezhang/src/ws_livox/install/livox_ros_driver2/include/livox_ros_driver2/livox_ros_driver2/msg/detail/custom_point__traits.hpp
[7.769s] -- Installing: /home/h16/coco/xuezhang/src/ws_livox/install/livox_ros_driver2/include/livox_ros_driver2/livox_ros_driver2/msg/detail/custom_point__builder.hpp
[7.769s] -- Installing: /home/h16/coco/xuezhang/src/ws_livox/install/livox_ros_driver2/include/livox_ros_driver2/livox_ros_driver2/msg/detail/custom_msg__type_support.hpp
[7.769s] -- Installing: /home/h16/coco/xuezhang/src/ws_livox/install/livox_ros_driver2/include/livox_ros_driver2/livox_ros_driver2/msg/rosidl_generator_cpp__visibility_control.hpp
[7.769s] -- Installing: /home/h16/coco/xuezhang/src/ws_livox/install/livox_ros_driver2/include/livox_ros_driver2/livox_ros_driver2/msg/custom_point.hpp
[7.769s] -- Installing: /home/h16/coco/xuezhang/src/ws_livox/install/livox_ros_driver2/include/livox_ros_driver2/livox_ros_driver2/msg/custom_msg.hpp
[7.769s] -- Up-to-date: /home/h16/coco/xuezhang/src/ws_livox/install/livox_ros_driver2/include/livox_ros_driver2/livox_ros_driver2
[7.769s] -- Up-to-date: /home/h16/coco/xuezhang/src/ws_livox/install/livox_ros_driver2/include/livox_ros_driver2/livox_ros_driver2/msg
[7.769s] -- Up-to-date: /home/h16/coco/xuezhang/src/ws_livox/install/livox_ros_driver2/include/livox_ros_driver2/livox_ros_driver2/msg/detail
[7.769s] -- Installing: /home/h16/coco/xuezhang/src/ws_livox/install/livox_ros_driver2/include/livox_ros_driver2/livox_ros_driver2/msg/detail/custom_msg__rosidl_typesupport_fastrtps_cpp.hpp
[7.769s] -- Installing: /home/h16/coco/xuezhang/src/ws_livox/install/livox_ros_driver2/include/livox_ros_driver2/livox_ros_driver2/msg/detail/custom_point__rosidl_typesupport_fastrtps_cpp.hpp
[7.769s] -- Installing: /home/h16/coco/xuezhang/src/ws_livox/install/livox_ros_driver2/include/livox_ros_driver2/livox_ros_driver2/msg/detail/dds_fastrtps
[7.769s] -- Installing: /home/h16/coco/xuezhang/src/ws_livox/install/livox_ros_driver2/include/livox_ros_driver2/livox_ros_driver2/msg/rosidl_typesupport_fastrtps_cpp__visibility_control.h
[7.769s] -- Installing: /home/h16/coco/xuezhang/src/ws_livox/install/livox_ros_driver2/lib/liblivox_ros_driver2__rosidl_typesupport_fastrtps_cpp.so
[7.770s] -- Set runtime path of "/home/h16/coco/xuezhang/src/ws_livox/install/livox_ros_driver2/lib/liblivox_ros_driver2__rosidl_typesupport_fastrtps_cpp.so" to ""
[7.770s] -- Up-to-date: /home/h16/coco/xuezhang/src/ws_livox/install/livox_ros_driver2/include/livox_ros_driver2/livox_ros_driver2
[7.770s] -- Up-to-date: /home/h16/coco/xuezhang/src/ws_livox/install/livox_ros_driver2/include/livox_ros_driver2/livox_ros_driver2/msg
[7.770s] -- Up-to-date: /home/h16/coco/xuezhang/src/ws_livox/install/livox_ros_driver2/include/livox_ros_driver2/livox_ros_driver2/msg/detail
[7.770s] -- Installing: /home/h16/coco/xuezhang/src/ws_livox/install/livox_ros_driver2/include/livox_ros_driver2/livox_ros_driver2/msg/detail/custom_msg__type_support.cpp
[7.770s] -- Installing: /home/h16/coco/xuezhang/src/ws_livox/install/livox_ros_driver2/include/livox_ros_driver2/livox_ros_driver2/msg/detail/custom_point__type_support.cpp
[7.770s] -- Installing: /home/h16/coco/xuezhang/src/ws_livox/install/livox_ros_driver2/include/livox_ros_driver2/livox_ros_driver2/msg/detail/custom_point__rosidl_typesupport_introspection_cpp.hpp
[7.770s] -- Installing: /home/h16/coco/xuezhang/src/ws_livox/install/livox_ros_driver2/include/livox_ros_driver2/livox_ros_driver2/msg/detail/custom_msg__rosidl_typesupport_introspection_cpp.hpp
[7.770s] -- Installing: /home/h16/coco/xuezhang/src/ws_livox/install/livox_ros_driver2/lib/liblivox_ros_driver2__rosidl_typesupport_introspection_cpp.so
[7.770s] -- Set runtime path of "/home/h16/coco/xuezhang/src/ws_livox/install/livox_ros_driver2/lib/liblivox_ros_driver2__rosidl_typesupport_introspection_cpp.so" to ""
[7.770s] -- Installing: /home/h16/coco/xuezhang/src/ws_livox/install/livox_ros_driver2/lib/liblivox_ros_driver2__rosidl_typesupport_cpp.so
[7.770s] -- Set runtime path of "/home/h16/coco/xuezhang/src/ws_livox/install/livox_ros_driver2/lib/liblivox_ros_driver2__rosidl_typesupport_cpp.so" to ""
[7.770s] -- Installing: /home/h16/coco/xuezhang/src/ws_livox/install/livox_ros_driver2/share/livox_ros_driver2/environment/pythonpath.sh
[7.770s] -- Installing: /home/h16/coco/xuezhang/src/ws_livox/install/livox_ros_driver2/share/livox_ros_driver2/environment/pythonpath.dsv
[7.770s] -- Installing: /home/h16/coco/xuezhang/src/ws_livox/install/livox_ros_driver2/local/lib/python3.10/dist-packages/livox_ros_driver2-1.0.0-py3.10.egg-info
[7.770s] -- Installing: /home/h16/coco/xuezhang/src/ws_livox/install/livox_ros_driver2/local/lib/python3.10/dist-packages/livox_ros_driver2-1.0.0-py3.10.egg-info/top_level.txt
[7.770s] -- Installing: /home/h16/coco/xuezhang/src/ws_livox/install/livox_ros_driver2/local/lib/python3.10/dist-packages/livox_ros_driver2-1.0.0-py3.10.egg-info/PKG-INFO
[7.770s] -- Installing: /home/h16/coco/xuezhang/src/ws_livox/install/livox_ros_driver2/local/lib/python3.10/dist-packages/livox_ros_driver2-1.0.0-py3.10.egg-info/SOURCES.txt
[7.770s] -- Installing: /home/h16/coco/xuezhang/src/ws_livox/install/livox_ros_driver2/local/lib/python3.10/dist-packages/livox_ros_driver2-1.0.0-py3.10.egg-info/dependency_links.txt
[7.770s] -- Installing: /home/h16/coco/xuezhang/src/ws_livox/install/livox_ros_driver2/local/lib/python3.10/dist-packages/livox_ros_driver2
[7.770s] -- Installing: /home/h16/coco/xuezhang/src/ws_livox/install/livox_ros_driver2/local/lib/python3.10/dist-packages/livox_ros_driver2/liblivox_interfaces2__rosidl_generator_py.so
[7.770s] -- Installing: /home/h16/coco/xuezhang/src/ws_livox/install/livox_ros_driver2/local/lib/python3.10/dist-packages/livox_ros_driver2/_livox_ros_driver2_s.ep.rosidl_typesupport_fastrtps_c.c
[7.770s] -- Installing: /home/h16/coco/xuezhang/src/ws_livox/install/livox_ros_driver2/local/lib/python3.10/dist-packages/livox_ros_driver2/_livox_ros_driver2_s.ep.rosidl_typesupport_introspection_c.c
[7.770s] -- Installing: /home/h16/coco/xuezhang/src/ws_livox/install/livox_ros_driver2/local/lib/python3.10/dist-packages/livox_ros_driver2/livox_ros_driver2_s__rosidl_typesupport_fastrtps_c.cpython-310-x86_64-linux-gnu.so
[7.770s] -- Installing: /home/h16/coco/xuezhang/src/ws_livox/install/livox_ros_driver2/local/lib/python3.10/dist-packages/livox_ros_driver2/livox_ros_driver2_s__rosidl_typesupport_c.cpython-310-x86_64-linux-gnu.so
[7.771s] -- Installing: /home/h16/coco/xuezhang/src/ws_livox/install/livox_ros_driver2/local/lib/python3.10/dist-packages/livox_ros_driver2/msg
[7.771s] -- Installing: /home/h16/coco/xuezhang/src/ws_livox/install/livox_ros_driver2/local/lib/python3.10/dist-packages/livox_ros_driver2/msg/_custom_msg_s.c
[7.771s] -- Installing: /home/h16/coco/xuezhang/src/ws_livox/install/livox_ros_driver2/local/lib/python3.10/dist-packages/livox_ros_driver2/msg/_custom_msg.py
[7.771s] -- Installing: /home/h16/coco/xuezhang/src/ws_livox/install/livox_ros_driver2/local/lib/python3.10/dist-packages/livox_ros_driver2/msg/_custom_point.py
[7.771s] -- Installing: /home/h16/coco/xuezhang/src/ws_livox/install/livox_ros_driver2/local/lib/python3.10/dist-packages/livox_ros_driver2/msg/__init__.py
[7.771s] -- Installing: /home/h16/coco/xuezhang/src/ws_livox/install/livox_ros_driver2/local/lib/python3.10/dist-packages/livox_ros_driver2/msg/_custom_point_s.c
[7.771s] -- Installing: /home/h16/coco/xuezhang/src/ws_livox/install/livox_ros_driver2/local/lib/python3.10/dist-packages/livox_ros_driver2/_livox_ros_driver2_s.ep.rosidl_typesupport_c.c
[7.771s] -- Installing: /home/h16/coco/xuezhang/src/ws_livox/install/livox_ros_driver2/local/lib/python3.10/dist-packages/livox_ros_driver2/__init__.py
[7.771s] -- Installing: /home/h16/coco/xuezhang/src/ws_livox/install/livox_ros_driver2/local/lib/python3.10/dist-packages/livox_ros_driver2/livox_ros_driver2_s__rosidl_typesupport_introspection_c.cpython-310-x86_64-linux-gnu.so
[7.789s] Listing '/home/h16/coco/xuezhang/src/ws_livox/install/livox_ros_driver2/local/lib/python3.10/dist-packages/livox_ros_driver2'...
[7.789s] Compiling '/home/h16/coco/xuezhang/src/ws_livox/install/livox_ros_driver2/local/lib/python3.10/dist-packages/livox_ros_driver2/__init__.py'...
[7.789s] Listing '/home/h16/coco/xuezhang/src/ws_livox/install/livox_ros_driver2/local/lib/python3.10/dist-packages/livox_ros_driver2/msg'...
[7.789s] Compiling '/home/h16/coco/xuezhang/src/ws_livox/install/livox_ros_driver2/local/lib/python3.10/dist-packages/livox_ros_driver2/msg/__init__.py'...
[7.789s] Compiling '/home/h16/coco/xuezhang/src/ws_livox/install/livox_ros_driver2/local/lib/python3.10/dist-packages/livox_ros_driver2/msg/_custom_msg.py'...
[7.789s] Compiling '/home/h16/coco/xuezhang/src/ws_livox/install/livox_ros_driver2/local/lib/python3.10/dist-packages/livox_ros_driver2/msg/_custom_point.py'...
[7.791s] -- Installing: /home/h16/coco/xuezhang/src/ws_livox/install/livox_ros_driver2/local/lib/python3.10/dist-packages/livox_ros_driver2/livox_ros_driver2_s__rosidl_typesupport_fastrtps_c.cpython-310-x86_64-linux-gnu.so
[7.791s] -- Set runtime path of "/home/h16/coco/xuezhang/src/ws_livox/install/livox_ros_driver2/local/lib/python3.10/dist-packages/livox_ros_driver2/livox_ros_driver2_s__rosidl_typesupport_fastrtps_c.cpython-310-x86_64-linux-gnu.so" to ""
[7.791s] -- Installing: /home/h16/coco/xuezhang/src/ws_livox/install/livox_ros_driver2/local/lib/python3.10/dist-packages/livox_ros_driver2/livox_ros_driver2_s__rosidl_typesupport_introspection_c.cpython-310-x86_64-linux-gnu.so
[7.791s] -- Set runtime path of "/home/h16/coco/xuezhang/src/ws_livox/install/livox_ros_driver2/local/lib/python3.10/dist-packages/livox_ros_driver2/livox_ros_driver2_s__rosidl_typesupport_introspection_c.cpython-310-x86_64-linux-gnu.so" to ""
[7.791s] -- Installing: /home/h16/coco/xuezhang/src/ws_livox/install/livox_ros_driver2/local/lib/python3.10/dist-packages/livox_ros_driver2/livox_ros_driver2_s__rosidl_typesupport_c.cpython-310-x86_64-linux-gnu.so
[7.791s] -- Set runtime path of "/home/h16/coco/xuezhang/src/ws_livox/install/livox_ros_driver2/local/lib/python3.10/dist-packages/livox_ros_driver2/livox_ros_driver2_s__rosidl_typesupport_c.cpython-310-x86_64-linux-gnu.so" to ""
[7.791s] -- Installing: /home/h16/coco/xuezhang/src/ws_livox/install/livox_ros_driver2/lib/liblivox_interfaces2__rosidl_generator_py.so
[7.791s] -- Set runtime path of "/home/h16/coco/xuezhang/src/ws_livox/install/livox_ros_driver2/lib/liblivox_interfaces2__rosidl_generator_py.so" to ""
[7.791s] -- Installing: /home/h16/coco/xuezhang/src/ws_livox/install/livox_ros_driver2/share/livox_ros_driver2/msg/CustomPoint.idl
[7.791s] -- Installing: /home/h16/coco/xuezhang/src/ws_livox/install/livox_ros_driver2/share/livox_ros_driver2/msg/CustomMsg.idl
[7.791s] -- Installing: /home/h16/coco/xuezhang/src/ws_livox/install/livox_ros_driver2/share/livox_ros_driver2/msg/CustomPoint.msg
[7.791s] -- Installing: /home/h16/coco/xuezhang/src/ws_livox/install/livox_ros_driver2/share/livox_ros_driver2/msg/CustomMsg.msg
[7.791s] -- Installing: /home/h16/coco/xuezhang/src/ws_livox/install/livox_ros_driver2/lib/livox_ros_driver2/livox_ros_driver2_node
[7.791s] -- Set runtime path of "/home/h16/coco/xuezhang/src/ws_livox/install/livox_ros_driver2/lib/livox_ros_driver2/livox_ros_driver2_node" to ""
[7.792s] -- Installing: /home/h16/coco/xuezhang/src/ws_livox/install/livox_ros_driver2/lib/liblivox_ros_driver2.so
[7.793s] -- Set runtime path of "/home/h16/coco/xuezhang/src/ws_livox/install/livox_ros_driver2/lib/liblivox_ros_driver2.so" to ""
[7.793s] -- Installing: /home/h16/coco/xuezhang/src/ws_livox/install/livox_ros_driver2/share/livox_ros_driver2/config
[7.793s] -- Installing: /home/h16/coco/xuezhang/src/ws_livox/install/livox_ros_driver2/share/livox_ros_driver2/config/mixed_HAP_MID360_config.json
[7.793s] -- Installing: /home/h16/coco/xuezhang/src/ws_livox/install/livox_ros_driver2/share/livox_ros_driver2/config/display_point_cloud_ROS2.rviz
[7.793s] -- Installing: /home/h16/coco/xuezhang/src/ws_livox/install/livox_ros_driver2/share/livox_ros_driver2/config/MID360_config.json
[7.793s] -- Installing: /home/h16/coco/xuezhang/src/ws_livox/install/livox_ros_driver2/share/livox_ros_driver2/config/HAP_config.json
[7.793s] -- Installing: /home/h16/coco/xuezhang/src/ws_livox/install/livox_ros_driver2/share/livox_ros_driver2/config/display_point_cloud_ROS1.rviz
[7.793s] -- Installing: /home/h16/coco/xuezhang/src/ws_livox/install/livox_ros_driver2/share/livox_ros_driver2/launch_ROS2
[7.793s] -- Installing: /home/h16/coco/xuezhang/src/ws_livox/install/livox_ros_driver2/share/livox_ros_driver2/launch_ROS2/rviz_MID360_launch.py
[7.793s] -- Installing: /home/h16/coco/xuezhang/src/ws_livox/install/livox_ros_driver2/share/livox_ros_driver2/launch_ROS2/rviz_HAP_launch.py
[7.793s] -- Installing: /home/h16/coco/xuezhang/src/ws_livox/install/livox_ros_driver2/share/livox_ros_driver2/launch_ROS2/rviz_mixed.py
[7.793s] -- Installing: /home/h16/coco/xuezhang/src/ws_livox/install/livox_ros_driver2/share/livox_ros_driver2/launch_ROS2/msg_MID360_launch.py
[7.794s] -- Installing: /home/h16/coco/xuezhang/src/ws_livox/install/livox_ros_driver2/share/livox_ros_driver2/launch_ROS2/msg_HAP_launch.py
[7.794s] -- Installing: /home/h16/coco/xuezhang/src/ws_livox/install/livox_ros_driver2/share/ament_index/resource_index/package_run_dependencies/livox_ros_driver2
[7.794s] -- Installing: /home/h16/coco/xuezhang/src/ws_livox/install/livox_ros_driver2/share/ament_index/resource_index/parent_prefix_path/livox_ros_driver2
[7.794s] -- Installing: /home/h16/coco/xuezhang/src/ws_livox/install/livox_ros_driver2/share/livox_ros_driver2/environment/ament_prefix_path.sh
[7.794s] -- Installing: /home/h16/coco/xuezhang/src/ws_livox/install/livox_ros_driver2/share/livox_ros_driver2/environment/ament_prefix_path.dsv
[7.794s] -- Installing: /home/h16/coco/xuezhang/src/ws_livox/install/livox_ros_driver2/share/livox_ros_driver2/environment/path.sh
[7.794s] -- Installing: /home/h16/coco/xuezhang/src/ws_livox/install/livox_ros_driver2/share/livox_ros_driver2/environment/path.dsv
[7.794s] -- Installing: /home/h16/coco/xuezhang/src/ws_livox/install/livox_ros_driver2/share/livox_ros_driver2/local_setup.bash
[7.794s] -- Installing: /home/h16/coco/xuezhang/src/ws_livox/install/livox_ros_driver2/share/livox_ros_driver2/local_setup.sh
[7.794s] -- Installing: /home/h16/coco/xuezhang/src/ws_livox/install/livox_ros_driver2/share/livox_ros_driver2/local_setup.zsh
[7.794s] -- Installing: /home/h16/coco/xuezhang/src/ws_livox/install/livox_ros_driver2/share/livox_ros_driver2/local_setup.dsv
[7.794s] -- Installing: /home/h16/coco/xuezhang/src/ws_livox/install/livox_ros_driver2/share/livox_ros_driver2/package.dsv
[7.794s] -- Installing: /home/h16/coco/xuezhang/src/ws_livox/install/livox_ros_driver2/share/ament_index/resource_index/packages/livox_ros_driver2
[7.794s] -- Installing: /home/h16/coco/xuezhang/src/ws_livox/install/livox_ros_driver2/share/livox_ros_driver2/cmake/export_livox_interfaces2__rosidl_generator_cExport.cmake
[7.794s] -- Installing: /home/h16/coco/xuezhang/src/ws_livox/install/livox_ros_driver2/share/livox_ros_driver2/cmake/export_livox_interfaces2__rosidl_generator_cExport-noconfig.cmake
[7.794s] -- Installing: /home/h16/coco/xuezhang/src/ws_livox/install/livox_ros_driver2/share/livox_ros_driver2/cmake/export_livox_interfaces2__rosidl_typesupport_fastrtps_cExport.cmake
[7.794s] -- Installing: /home/h16/coco/xuezhang/src/ws_livox/install/livox_ros_driver2/share/livox_ros_driver2/cmake/export_livox_interfaces2__rosidl_typesupport_fastrtps_cExport-noconfig.cmake
[7.794s] -- Installing: /home/h16/coco/xuezhang/src/ws_livox/install/livox_ros_driver2/share/livox_ros_driver2/cmake/livox_interfaces2__rosidl_typesupport_introspection_cExport.cmake
[7.794s] -- Installing: /home/h16/coco/xuezhang/src/ws_livox/install/livox_ros_driver2/share/livox_ros_driver2/cmake/livox_interfaces2__rosidl_typesupport_introspection_cExport-noconfig.cmake
[7.794s] -- Installing: /home/h16/coco/xuezhang/src/ws_livox/install/livox_ros_driver2/share/livox_ros_driver2/cmake/livox_interfaces2__rosidl_typesupport_cExport.cmake
[7.794s] -- Installing: /home/h16/coco/xuezhang/src/ws_livox/install/livox_ros_driver2/share/livox_ros_driver2/cmake/livox_interfaces2__rosidl_typesupport_cExport-noconfig.cmake
[7.794s] -- Installing: /home/h16/coco/xuezhang/src/ws_livox/install/livox_ros_driver2/share/livox_ros_driver2/cmake/export_livox_interfaces2__rosidl_generator_cppExport.cmake
[7.794s] -- Installing: /home/h16/coco/xuezhang/src/ws_livox/install/livox_ros_driver2/share/livox_ros_driver2/cmake/export_livox_interfaces2__rosidl_typesupport_fastrtps_cppExport.cmake
[7.794s] -- Installing: /home/h16/coco/xuezhang/src/ws_livox/install/livox_ros_driver2/share/livox_ros_driver2/cmake/export_livox_interfaces2__rosidl_typesupport_fastrtps_cppExport-noconfig.cmake
[7.794s] -- Installing: /home/h16/coco/xuezhang/src/ws_livox/install/livox_ros_driver2/share/livox_ros_driver2/cmake/livox_interfaces2__rosidl_typesupport_introspection_cppExport.cmake
[7.795s] -- Installing: /home/h16/coco/xuezhang/src/ws_livox/install/livox_ros_driver2/share/livox_ros_driver2/cmake/livox_interfaces2__rosidl_typesupport_introspection_cppExport-noconfig.cmake
[7.795s] -- Installing: /home/h16/coco/xuezhang/src/ws_livox/install/livox_ros_driver2/share/livox_ros_driver2/cmake/livox_interfaces2__rosidl_typesupport_cppExport.cmake
[7.795s] -- Installing: /home/h16/coco/xuezhang/src/ws_livox/install/livox_ros_driver2/share/livox_ros_driver2/cmake/livox_interfaces2__rosidl_typesupport_cppExport-noconfig.cmake
[7.795s] -- Installing: /home/h16/coco/xuezhang/src/ws_livox/install/livox_ros_driver2/share/livox_ros_driver2/cmake/export_livox_interfaces2__rosidl_generator_pyExport.cmake
[7.795s] -- Installing: /home/h16/coco/xuezhang/src/ws_livox/install/livox_ros_driver2/share/livox_ros_driver2/cmake/export_livox_interfaces2__rosidl_generator_pyExport-noconfig.cmake
[7.795s] -- Installing: /home/h16/coco/xuezhang/src/ws_livox/install/livox_ros_driver2/share/ament_index/resource_index/rclcpp_components/livox_ros_driver2
[7.795s] -- Installing: /home/h16/coco/xuezhang/src/ws_livox/install/livox_ros_driver2/share/livox_ros_driver2/cmake/rosidl_cmake-extras.cmake
[7.795s] -- Installing: /home/h16/coco/xuezhang/src/ws_livox/install/livox_ros_driver2/share/livox_ros_driver2/cmake/ament_cmake_export_dependencies-extras.cmake
[7.795s] -- Installing: /home/h16/coco/xuezhang/src/ws_livox/install/livox_ros_driver2/share/livox_ros_driver2/cmake/ament_cmake_export_include_directories-extras.cmake
[7.795s] -- Installing: /home/h16/coco/xuezhang/src/ws_livox/install/livox_ros_driver2/share/livox_ros_driver2/cmake/ament_cmake_export_libraries-extras.cmake
[7.795s] -- Installing: /home/h16/coco/xuezhang/src/ws_livox/install/livox_ros_driver2/share/livox_ros_driver2/cmake/ament_cmake_export_targets-extras.cmake
[7.795s] -- Installing: /home/h16/coco/xuezhang/src/ws_livox/install/livox_ros_driver2/share/livox_ros_driver2/cmake/rosidl_cmake_export_typesupport_targets-extras.cmake
[7.795s] -- Installing: /home/h16/coco/xuezhang/src/ws_livox/install/livox_ros_driver2/share/livox_ros_driver2/cmake/rosidl_cmake_export_typesupport_libraries-extras.cmake
[7.795s] -- Installing: /home/h16/coco/xuezhang/src/ws_livox/install/livox_ros_driver2/share/livox_ros_driver2/cmake/livox_ros_driver2Config.cmake
[7.795s] -- Installing: /home/h16/coco/xuezhang/src/ws_livox/install/livox_ros_driver2/share/livox_ros_driver2/cmake/livox_ros_driver2Config-version.cmake
[7.795s] -- Installing: /home/h16/coco/xuezhang/src/ws_livox/install/livox_ros_driver2/share/livox_ros_driver2/package.xml
[7.796s] Invoked command in '/home/h16/coco/xuezhang/src/ws_livox/build/livox_ros_driver2' returned '0': CMAKE_PREFIX_PATH=/opt/ros/humble /usr/bin/cmake --install /home/h16/coco/xuezhang/src/ws_livox/build/livox_ros_driver2
